This is pdfTeX, Version 3.1415926-2.5-1.40.14 (TeX Live 2013) (format=pdflatex 2013.11.7)  29 DEC 2014 17:26
entering extended mode
 restricted \write18 enabled.
 %&-line parsing enabled.
**Verify.tex
(./Verify.tex
LaTeX2e <2011/06/27>
Babel <3.9f> and hyphenation patterns for 78 languages loaded.
(/usr/local/texlive/2013/texmf-dist/tex/latex/IEEEtran/IEEEtran.cls
Document Class: IEEEtran 2012/12/27 V1.8 by Michael Shell
-- See the "IEEEtran_HOWTO" manual for usage information.
-- http://www.michaelshell.org/tex/ieeetran/
\@IEEEtrantmpdimenA=\dimen102
\@IEEEtrantmpdimenB=\dimen103
\@IEEEtrantmpcountA=\count79
\@IEEEtrantmpcountB=\count80
\@IEEEtrantmptoksA=\toks14
LaTeX Font Info:    Try loading font information for OT1+ptm on input line 368.

(/usr/local/texlive/2013/texmf-dist/tex/latex/psnfss/ot1ptm.fd
File: ot1ptm.fd 2001/06/04 font definitions for OT1/ptm.
)
-- Using 8.5in x 11in (letter) paper.
-- Using PDF output.
\@IEEEnormalsizeunitybaselineskip=\dimen104
-- This is a 10 point document.
\CLASSINFOnormalsizebaselineskip=\dimen105
\CLASSINFOnormalsizeunitybaselineskip=\dimen106
\IEEEnormaljot=\dimen107
LaTeX Font Info:    Font shape `OT1/ptm/bx/n' in size <5> not available
(Font)              Font shape `OT1/ptm/b/n' tried instead on input line 726.
LaTeX Font Info:    Font shape `OT1/ptm/bx/it' in size <5> not available
(Font)              Font shape `OT1/ptm/b/it' tried instead on input line 726.
LaTeX Font Info:    Font shape `OT1/ptm/bx/n' in size <7> not available
(Font)              Font shape `OT1/ptm/b/n' tried instead on input line 726.
LaTeX Font Info:    Font shape `OT1/ptm/bx/it' in size <7> not available
(Font)              Font shape `OT1/ptm/b/it' tried instead on input line 726.
LaTeX Font Info:    Font shape `OT1/ptm/bx/n' in size <8> not available
(Font)              Font shape `OT1/ptm/b/n' tried instead on input line 726.
LaTeX Font Info:    Font shape `OT1/ptm/bx/it' in size <8> not available
(Font)              Font shape `OT1/ptm/b/it' tried instead on input line 726.
LaTeX Font Info:    Font shape `OT1/ptm/bx/n' in size <9> not available
(Font)              Font shape `OT1/ptm/b/n' tried instead on input line 726.
LaTeX Font Info:    Font shape `OT1/ptm/bx/it' in size <9> not available
(Font)              Font shape `OT1/ptm/b/it' tried instead on input line 726.
LaTeX Font Info:    Font shape `OT1/ptm/bx/n' in size <10> not available
(Font)              Font shape `OT1/ptm/b/n' tried instead on input line 726.
LaTeX Font Info:    Font shape `OT1/ptm/bx/it' in size <10> not available
(Font)              Font shape `OT1/ptm/b/it' tried instead on input line 726.
LaTeX Font Info:    Font shape `OT1/ptm/bx/n' in size <11> not available
(Font)              Font shape `OT1/ptm/b/n' tried instead on input line 726.
LaTeX Font Info:    Font shape `OT1/ptm/bx/it' in size <11> not available
(Font)              Font shape `OT1/ptm/b/it' tried instead on input line 726.
LaTeX Font Info:    Font shape `OT1/ptm/bx/n' in size <12> not available
(Font)              Font shape `OT1/ptm/b/n' tried instead on input line 726.
LaTeX Font Info:    Font shape `OT1/ptm/bx/it' in size <12> not available
(Font)              Font shape `OT1/ptm/b/it' tried instead on input line 726.
LaTeX Font Info:    Font shape `OT1/ptm/bx/n' in size <17> not available
(Font)              Font shape `OT1/ptm/b/n' tried instead on input line 726.
LaTeX Font Info:    Font shape `OT1/ptm/bx/it' in size <17> not available
(Font)              Font shape `OT1/ptm/b/it' tried instead on input line 726.
LaTeX Font Info:    Font shape `OT1/ptm/bx/n' in size <20> not available
(Font)              Font shape `OT1/ptm/b/n' tried instead on input line 726.
LaTeX Font Info:    Font shape `OT1/ptm/bx/it' in size <20> not available
(Font)              Font shape `OT1/ptm/b/it' tried instead on input line 726.
LaTeX Font Info:    Font shape `OT1/ptm/bx/n' in size <24> not available
(Font)              Font shape `OT1/ptm/b/n' tried instead on input line 726.
LaTeX Font Info:    Font shape `OT1/ptm/bx/it' in size <24> not available
(Font)              Font shape `OT1/ptm/b/it' tried instead on input line 726.
\IEEEilabelindentA=\dimen108
\IEEEilabelindentB=\dimen109
\IEEEilabelindent=\dimen110
\IEEEelabelindent=\dimen111
\IEEEdlabelindent=\dimen112
\IEEElabelindent=\dimen113
\IEEEiednormlabelsep=\dimen114
\IEEEiedmathlabelsep=\dimen115
\IEEEiedtopsep=\skip41
\c@section=\count81
\c@subsection=\count82
\c@subsubsection=\count83
\c@paragraph=\count84
\c@IEEEsubequation=\count85
\abovecaptionskip=\skip42
\belowcaptionskip=\skip43
\c@figure=\count86
\c@table=\count87
\@IEEEeqnnumcols=\count88
\@IEEEeqncolcnt=\count89
\@IEEEsubeqnnumrollback=\count90
\@IEEEtmpitemindent=\dimen116
\c@IEEEbiography=\count91
\@IEEEtranrubishbin=\box26
)
** ATTENTION: Overriding command lockouts (line 2).
(/usr/local/texlive/2013/texmf-dist/tex/latex/amsfonts/amssymb.sty
Package: amssymb 2013/01/14 v3.01 AMS font symbols

(/usr/local/texlive/2013/texmf-dist/tex/latex/amsfonts/amsfonts.sty
Package: amsfonts 2013/01/14 v3.01 Basic AMSFonts support
\@emptytoks=\toks15
\symAMSa=\mathgroup4
\symAMSb=\mathgroup5
LaTeX Font Info:    Overwriting math alphabet `\mathfrak' in version `bold'
(Font)                  U/euf/m/n --> U/euf/b/n on input line 106.
))
(/usr/local/texlive/2013/texmf-dist/tex/latex/amsmath/amsmath.sty
Package: amsmath 2013/01/14 v2.14 AMS math features
\@mathmargin=\skip44

For additional information on amsmath, use the `?' option.
(/usr/local/texlive/2013/texmf-dist/tex/latex/amsmath/amstext.sty
Package: amstext 2000/06/29 v2.01

(/usr/local/texlive/2013/texmf-dist/tex/latex/amsmath/amsgen.sty
File: amsgen.sty 1999/11/30 v2.0
\@emptytoks=\toks16
\ex@=\dimen117
))
(/usr/local/texlive/2013/texmf-dist/tex/latex/amsmath/amsbsy.sty
Package: amsbsy 1999/11/29 v1.2d
\pmbraise@=\dimen118
)
(/usr/local/texlive/2013/texmf-dist/tex/latex/amsmath/amsopn.sty
Package: amsopn 1999/12/14 v2.01 operator names
)
\inf@bad=\count92
LaTeX Info: Redefining \frac on input line 210.
\uproot@=\count93
\leftroot@=\count94
LaTeX Info: Redefining \overline on input line 306.
\classnum@=\count95
\DOTSCASE@=\count96
LaTeX Info: Redefining \ldots on input line 378.
LaTeX Info: Redefining \dots on input line 381.
LaTeX Info: Redefining \cdots on input line 466.
\Mathstrutbox@=\box27
\strutbox@=\box28
\big@size=\dimen119
LaTeX Font Info:    Redeclaring font encoding OML on input line 566.
LaTeX Font Info:    Redeclaring font encoding OMS on input line 567.
\macc@depth=\count97
\c@MaxMatrixCols=\count98
\dotsspace@=\muskip10
\c@parentequation=\count99
\dspbrk@lvl=\count100
\tag@help=\toks17
\row@=\count101
\column@=\count102
\maxfields@=\count103
\andhelp@=\toks18
\eqnshift@=\dimen120
\alignsep@=\dimen121
\tagshift@=\dimen122
\tagwidth@=\dimen123
\totwidth@=\dimen124
\lineht@=\dimen125
\@envbody=\toks19
\multlinegap=\skip45
\multlinetaggap=\skip46
\mathdisplay@stack=\toks20
LaTeX Info: Redefining \[ on input line 2665.
LaTeX Info: Redefining \] on input line 2666.
)
(/usr/local/texlive/2013/texmf-dist/tex/latex/graphics/color.sty
Package: color 2005/11/14 v1.0j Standard LaTeX Color (DPC)

(/usr/local/texlive/2013/texmf-dist/tex/latex/latexconfig/color.cfg
File: color.cfg 2007/01/18 v1.5 color configuration of teTeX/TeXLive
)
Package color Info: Driver file: pdftex.def on input line 130.

(/usr/local/texlive/2013/texmf-dist/tex/latex/pdftex-def/pdftex.def
File: pdftex.def 2011/05/27 v0.06d Graphics/color for pdfTeX

(/usr/local/texlive/2013/texmf-dist/tex/generic/oberdiek/infwarerr.sty
Package: infwarerr 2010/04/08 v1.3 Providing info/warning/error messages (HO)
)
(/usr/local/texlive/2013/texmf-dist/tex/generic/oberdiek/ltxcmds.sty
Package: ltxcmds 2011/11/09 v1.22 LaTeX kernel commands for general use (HO)
)
\Gread@gobject=\count104
))
(/usr/local/texlive/2013/texmf-dist/tex/latex/subfigure/subfigure.sty
Package: subfigure 2002/03/15 v2.1.5 subfigure package
\subfigtopskip=\skip47
\subfigcapskip=\skip48
\subfigcaptopadj=\dimen126
\subfigbottomskip=\skip49
\subfigcapmargin=\dimen127
\subfiglabelskip=\skip50
\c@subfigure=\count105
\c@lofdepth=\count106
\c@subtable=\count107
\c@lotdepth=\count108

****************************************
* Local config file subfigure.cfg used *
****************************************
(/usr/local/texlive/2013/texmf-dist/tex/latex/subfigure/subfigure.cfg)
\subfig@top=\skip51
\subfig@bottom=\skip52
)
(/usr/local/texlive/2013/texmf-dist/tex/latex/cite/cite.sty
LaTeX Info: Redefining \cite on input line 302.
LaTeX Info: Redefining \nocite on input line 373.
Package: cite 2010/09/10  v 5.3
)
(/usr/local/texlive/2013/texmf-dist/tex/latex/algorithms/algorithm.sty
Package: algorithm 2009/08/24 v0.1 Document Style `algorithm' - floating enviro
nment

(/usr/local/texlive/2013/texmf-dist/tex/latex/float/float.sty
Package: float 2001/11/08 v1.3d Float enhancements (AL)
\c@float@type=\count109
\float@exts=\toks21
\float@box=\box29
\@float@everytoks=\toks22
\@floatcapt=\box30
)
(/usr/local/texlive/2013/texmf-dist/tex/latex/base/ifthen.sty
Package: ifthen 2001/05/26 v1.1c Standard LaTeX ifthen package (DPC)
)
\@float@every@algorithm=\toks23
\c@algorithm=\count110
)
(/usr/local/texlive/2013/texmf-dist/tex/latex/algorithms/algorithmic.sty
Package: algorithmic 2009/08/24 v0.1 Document Style `algorithmic'

(/usr/local/texlive/2013/texmf-dist/tex/latex/graphics/keyval.sty
Package: keyval 1999/03/16 v1.13 key=value parser (DPC)
\KV@toks@=\toks24
)
\c@ALC@unique=\count111
\c@ALC@line=\count112
\c@ALC@rem=\count113
\c@ALC@depth=\count114
\ALC@tlm=\skip53
\algorithmicindent=\skip54
)
(/usr/local/texlive/2013/texmf-dist/tex/latex/graphics/graphicx.sty
Package: graphicx 1999/02/16 v1.0f Enhanced LaTeX Graphics (DPC,SPQR)

(/usr/local/texlive/2013/texmf-dist/tex/latex/graphics/graphics.sty
Package: graphics 2009/02/05 v1.0o Standard LaTeX Graphics (DPC,SPQR)

(/usr/local/texlive/2013/texmf-dist/tex/latex/graphics/trig.sty
Package: trig 1999/03/16 v1.09 sin cos tan (DPC)
)
(/usr/local/texlive/2013/texmf-dist/tex/latex/latexconfig/graphics.cfg
File: graphics.cfg 2010/04/23 v1.9 graphics configuration of TeX Live
)
Package graphics Info: Driver file: pdftex.def on input line 91.
)
\Gin@req@height=\dimen128
\Gin@req@width=\dimen129
)
(/usr/local/texlive/2013/texmf-dist/tex/latex/oberdiek/epstopdf.sty
Package: epstopdf 2010/02/09 v2.5 Conversion with epstopdf on the fly (HO)

(/usr/local/texlive/2013/texmf-dist/tex/latex/oberdiek/epstopdf-base.sty
Package: epstopdf-base 2010/02/09 v2.5 Base part for package epstopdf

(/usr/local/texlive/2013/texmf-dist/tex/latex/oberdiek/grfext.sty
Package: grfext 2010/08/19 v1.1 Manage graphics extensions (HO)

(/usr/local/texlive/2013/texmf-dist/tex/generic/oberdiek/kvdefinekeys.sty
Package: kvdefinekeys 2011/04/07 v1.3 Define keys (HO)
))
(/usr/local/texlive/2013/texmf-dist/tex/latex/oberdiek/kvoptions.sty
Package: kvoptions 2011/06/30 v3.11 Key value format for package options (HO)

(/usr/local/texlive/2013/texmf-dist/tex/generic/oberdiek/kvsetkeys.sty
Package: kvsetkeys 2012/04/25 v1.16 Key value parser (HO)

(/usr/local/texlive/2013/texmf-dist/tex/generic/oberdiek/etexcmds.sty
Package: etexcmds 2011/02/16 v1.5 Avoid name clashes with e-TeX commands (HO)

(/usr/local/texlive/2013/texmf-dist/tex/generic/oberdiek/ifluatex.sty
Package: ifluatex 2010/03/01 v1.3 Provides the ifluatex switch (HO)
Package ifluatex Info: LuaTeX not detected.
)
Package etexcmds Info: Could not find \expanded.
(etexcmds)             That can mean that you are not using pdfTeX 1.50 or
(etexcmds)             that some package has redefined \expanded.
(etexcmds)             In the latter case, load this package earlier.
)))
(/usr/local/texlive/2013/texmf-dist/tex/generic/oberdiek/pdftexcmds.sty
Package: pdftexcmds 2011/11/29 v0.20 Utility functions of pdfTeX for LuaTeX (HO
)

(/usr/local/texlive/2013/texmf-dist/tex/generic/oberdiek/ifpdf.sty
Package: ifpdf 2011/01/30 v2.3 Provides the ifpdf switch (HO)
Package ifpdf Info: pdfTeX in PDF mode is detected.
)
Package pdftexcmds Info: LuaTeX not detected.
Package pdftexcmds Info: \pdf@primitive is available.
Package pdftexcmds Info: \pdf@ifprimitive is available.
Package pdftexcmds Info: \pdfdraftmode found.
)
Package grfext Info: Graphics extension search list:
(grfext)             [.png,.pdf,.jpg,.mps,.jpeg,.jbig2,.jb2,.PNG,.PDF,.JPG,.JPE
G,.JBIG2,.JB2,.eps]
(grfext)             \AppendGraphicsExtensions on input line 452.

(/usr/local/texlive/2013/texmf-dist/tex/latex/latexconfig/epstopdf-sys.cfg
File: epstopdf-sys.cfg 2010/07/13 v1.3 Configuration of (r)epstopdf for TeX Liv
e
)))
(/usr/local/texlive/2013/texmf-dist/tex/latex/leftidx/leftidx.sty
Package: leftidx 2003/09/24 v1.03 Left indices
)
(/usr/local/texlive/2013/texmf-dist/tex/latex/doublestroke/dsfont.sty
Package: dsfont 1995/08/01 v0.1 Double stroke roman fonts
)
(/usr/local/texlive/2013/texmf-dist/tex/latex/url/url.sty
\Urlmuskip=\muskip11
Package: url 2006/04/12  ver 3.3  Verb mode for urls, etc.
) (./Verify.aux)
\openout1 = `Verify.aux'.

LaTeX Font Info:    Checking defaults for OML/cmm/m/it on input line 56.
LaTeX Font Info:    ... okay on input line 56.
LaTeX Font Info:    Checking defaults for T1/cmr/m/n on input line 56.
LaTeX Font Info:    ... okay on input line 56.
LaTeX Font Info:    Checking defaults for OT1/cmr/m/n on input line 56.
LaTeX Font Info:    ... okay on input line 56.
LaTeX Font Info:    Checking defaults for OMS/cmsy/m/n on input line 56.
LaTeX Font Info:    ... okay on input line 56.
LaTeX Font Info:    Checking defaults for OMX/cmex/m/n on input line 56.
LaTeX Font Info:    ... okay on input line 56.
LaTeX Font Info:    Checking defaults for U/cmr/m/n on input line 56.
LaTeX Font Info:    ... okay on input line 56.

(/usr/local/texlive/2013/texmf-dist/tex/context/base/supp-pdf.mkii
[Loading MPS to PDF converter (version 2006.09.02).]
\scratchcounter=\count115
\scratchdimen=\dimen130
\scratchbox=\box31
\nofMPsegments=\count116
\nofMParguments=\count117
\everyMPshowfont=\toks25
\MPscratchCnt=\count118
\MPscratchDim=\dimen131
\MPnumerator=\count119
\makeMPintoPDFobject=\count120
\everyMPtoPDFconversion=\toks26
) [1{/usr/local/texlive/2013/texmf-var/fonts/map/pdftex/updmap/pdftex.map}


]
LaTeX Font Info:    Try loading font information for U+msa on input line 78.

(/usr/local/texlive/2013/texmf-dist/tex/latex/amsfonts/umsa.fd
File: umsa.fd 2013/01/14 v3.01 AMS symbols A
)
LaTeX Font Info:    Try loading font information for U+msb on input line 78.

(/usr/local/texlive/2013/texmf-dist/tex/latex/amsfonts/umsb.fd
File: umsb.fd 2013/01/14 v3.01 AMS symbols B
)

LaTeX Font Warning: Command \footnotesize invalid in math mode on input line 11
3.


Overfull \hbox (24.66508pt too wide) detected at line 122
[]
 []

LaTeX Font Info:    Calculating math sizes for size <> on input line 122.

LaTeX Font Warning: Font shape `OT1/cmr/m/n' in size <> not available
(Font)              size <5> substituted on input line 122.


LaTeX Font Warning: Font shape `OT1/cmr/m/n' in size <0.7> not available
(Font)              size <5> substituted on input line 122.


LaTeX Font Warning: Font shape `OT1/cmr/m/n' in size <0.5> not available
(Font)              size <5> substituted on input line 122.


LaTeX Font Warning: Font shape `OML/cmm/m/it' in size <> not available
(Font)              size <5> substituted on input line 122.


LaTeX Font Warning: Font shape `OML/cmm/m/it' in size <0.7> not available
(Font)              size <5> substituted on input line 122.


LaTeX Font Warning: Font shape `OML/cmm/m/it' in size <0.5> not available
(Font)              size <5> substituted on input line 122.


LaTeX Font Warning: Font shape `OMS/cmsy/m/n' in size <> not available
(Font)              size <5> substituted on input line 122.


LaTeX Font Warning: Font shape `OMS/cmsy/m/n' in size <0.7> not available
(Font)              size <5> substituted on input line 122.


LaTeX Font Warning: Font shape `OMS/cmsy/m/n' in size <0.5> not available
(Font)              size <5> substituted on input line 122.

<model1.png, id=9, 331.2375pt x 384.43625pt>
File: model1.png Graphic file (type png)
 <use model1.png>
Package pdftex.def Info: model1.png used on input line 140.
(pdftex.def)             Requested size: 99.37201pt x 115.33176pt.

<model2.png, id=11, 337.26pt x 387.4475pt>
File: model2.png Graphic file (type png)
 <use model2.png>
Package pdftex.def Info: model2.png used on input line 145.
(pdftex.def)             Requested size: 101.17877pt x 116.23514pt.

Overfull \hbox (2.29996pt too wide) in paragraph at lines 138--148
[][] [] 
 []


Underfull \hbox (badness 10000) in paragraph at lines 160--161

 []

[2]

Package amsfonts Warning: Obsolete command \bold; \mathbf should be used instea
d on input line 177.


Underfull \hbox (badness 10000) in paragraph at lines 204--205

 []


Underfull \hbox (badness 10000) in paragraph at lines 206--221

 []

[3 <./model1.png> <./model2.png>]
<3floor.png, id=35, 1425.82687pt x 403.5075pt>
File: 3floor.png Graphic file (type png)
 <use 3floor.png>
Package pdftex.def Info: 3floor.png used on input line 242.
(pdftex.def)             Requested size: 427.75137pt x 121.05318pt.

<Pi.jpg, id=36, 1881.0275pt x 1404.24625pt>
File: Pi.jpg Graphic file (type jpg)
 <use Pi.jpg>
Package pdftex.def Info: Pi.jpg used on input line 276.
(pdftex.def)             Requested size: 188.11377pt x 140.43285pt.

<app.jpg, id=37, 1156.32pt x 1697.34125pt>
File: app.jpg Graphic file (type jpg)
 <use app.jpg>
Package pdftex.def Info: app.jpg used on input line 281.
(pdftex.def)             Requested size: 115.63876pt x 169.74406pt.

Overfull \hbox (2.29996pt too wide) in paragraph at lines 274--284
[][] [] 
 []


Underfull \hbox (badness 10000) in paragraph at lines 318--319

 []

<pathloss0-1.jpg, id=38, 562.1pt x 420.57124pt>
File: pathloss0-1.jpg Graphic file (type jpg)
 <use pathloss0-1.jpg>
Package pdftex.def Info: pathloss0-1.jpg used on input line 326.
(pdftex.def)             Requested size: 112.418pt x 84.11275pt.

Overfull \hbox (9.21957pt too wide) in paragraph at lines 326--328
 [][] 
 []

<pathloss0-2.jpg, id=39, 562.1pt x 420.57124pt>
File: pathloss0-2.jpg Graphic file (type jpg)
 <use pathloss0-2.jpg>
Package pdftex.def Info: pathloss0-2.jpg used on input line 331.
(pdftex.def)             Requested size: 112.418pt x 84.11275pt.

Overfull \hbox (9.21957pt too wide) in paragraph at lines 331--333
 [][] 
 []

<pathloss0-3.jpg, id=40, 562.1pt x 420.57124pt>
File: pathloss0-3.jpg Graphic file (type jpg)
 <use pathloss0-3.jpg>
Package pdftex.def Info: pathloss0-3.jpg used on input line 336.
(pdftex.def)             Requested size: 112.418pt x 84.11275pt.

Overfull \hbox (9.21957pt too wide) in paragraph at lines 336--338
 [][] 
 []

<pathloss0-4.jpg, id=41, 563.10374pt x 420.57124pt>
File: pathloss0-4.jpg Graphic file (type jpg)
 <use pathloss0-4.jpg>
Package pdftex.def Info: pathloss0-4.jpg used on input line 341.
(pdftex.def)             Requested size: 112.61874pt x 84.11275pt.

Overfull \hbox (9.42032pt too wide) in paragraph at lines 341--343
 [][] 
 []

[4] <wallbreakpoint0-1.jpg, id=45, 562.1pt x 420.57124pt>
File: wallbreakpoint0-1.jpg Graphic file (type jpg)

<use wallbreakpoint0-1.jpg>
Package pdftex.def Info: wallbreakpoint0-1.jpg used on input line 354.
(pdftex.def)             Requested size: 112.418pt x 84.11275pt.

Overfull \hbox (9.21957pt too wide) in paragraph at lines 354--356
 [][] 
 []

<wallbreakpoint0-2.jpg, id=46, 562.1pt x 420.57124pt>
File: wallbreakpoint0-2.jpg Graphic file (type jpg)

<use wallbreakpoint0-2.jpg>
Package pdftex.def Info: wallbreakpoint0-2.jpg used on input line 359.
(pdftex.def)             Requested size: 112.418pt x 84.11275pt.

Overfull \hbox (9.21957pt too wide) in paragraph at lines 359--361
 [][] 
 []

<wallbreakpoint0-3.jpg, id=47, 563.10374pt x 420.57124pt>
File: wallbreakpoint0-3.jpg Graphic file (type jpg)

<use wallbreakpoint0-3.jpg>
Package pdftex.def Info: wallbreakpoint0-3.jpg used on input line 364.
(pdftex.def)             Requested size: 112.61874pt x 84.11275pt.

Overfull \hbox (9.42032pt too wide) in paragraph at lines 364--366
 [][] 
 []

<wallbreakpoint0-4.jpg, id=48, 562.1pt x 420.57124pt>
File: wallbreakpoint0-4.jpg Graphic file (type jpg)

<use wallbreakpoint0-4.jpg>
Package pdftex.def Info: wallbreakpoint0-4.jpg used on input line 369.
(pdftex.def)             Requested size: 112.418pt x 84.11275pt.

Overfull \hbox (9.21957pt too wide) in paragraph at lines 369--371
 [][] 
 []

[5 <./3floor.png> <./Pi.jpg> <./app.jpg> <./pathloss0-1.jpg> <./pathloss0-2.jpg
> <./pathloss0-3.jpg> <./pathloss0-4.jpg>]
<time0-1.jpg, id=53, 562.1pt x 420.57124pt>
File: time0-1.jpg Graphic file (type jpg)
 <use time0-1.jpg>
Package pdftex.def Info: time0-1.jpg used on input line 400.
(pdftex.def)             Requested size: 112.418pt x 84.11275pt.

Overfull \hbox (9.21957pt too wide) in paragraph at lines 400--402
 [][] 
 []

<time0-2.jpg, id=54, 562.1pt x 420.57124pt>
File: time0-2.jpg Graphic file (type jpg)
 <use time0-2.jpg>
Package pdftex.def Info: time0-2.jpg used on input line 405.
(pdftex.def)             Requested size: 112.418pt x 84.11275pt.

Overfull \hbox (9.21957pt too wide) in paragraph at lines 405--407
 [][] 
 []

<time0-3.jpg, id=55, 562.1pt x 420.57124pt>
File: time0-3.jpg Graphic file (type jpg)
 <use time0-3.jpg>
Package pdftex.def Info: time0-3.jpg used on input line 410.
(pdftex.def)             Requested size: 112.418pt x 84.11275pt.

Overfull \hbox (9.21957pt too wide) in paragraph at lines 410--412
 [][] 
 []

<time0-4.jpg, id=56, 562.1pt x 420.57124pt>
File: time0-4.jpg Graphic file (type jpg)
 <use time0-4.jpg>
Package pdftex.def Info: time0-4.jpg used on input line 415.
(pdftex.def)             Requested size: 112.418pt x 84.11275pt.

Overfull \hbox (9.21957pt too wide) in paragraph at lines 415--417
 [][] 
 []

<time1-1.jpg, id=57, 562.1pt x 420.57124pt>
File: time1-1.jpg Graphic file (type jpg)
 <use time1-1.jpg>
Package pdftex.def Info: time1-1.jpg used on input line 428.
(pdftex.def)             Requested size: 112.418pt x 84.11275pt.

Overfull \hbox (9.21957pt too wide) in paragraph at lines 428--430
 [][] 
 []

<time1-2.jpg, id=58, 562.1pt x 420.57124pt>
File: time1-2.jpg Graphic file (type jpg)
 <use time1-2.jpg>
Package pdftex.def Info: time1-2.jpg used on input line 433.
(pdftex.def)             Requested size: 112.418pt x 84.11275pt.

Overfull \hbox (9.21957pt too wide) in paragraph at lines 433--435
 [][] 
 []

<time1-3.jpg, id=59, 562.1pt x 420.57124pt>
File: time1-3.jpg Graphic file (type jpg)
 <use time1-3.jpg>
Package pdftex.def Info: time1-3.jpg used on input line 438.
(pdftex.def)             Requested size: 112.418pt x 84.11275pt.

Overfull \hbox (9.21957pt too wide) in paragraph at lines 438--440
 [][] 
 []

<time1-4.jpg, id=60, 562.1pt x 420.57124pt>
File: time1-4.jpg Graphic file (type jpg)
 <use time1-4.jpg>
Package pdftex.def Info: time1-4.jpg used on input line 443.
(pdftex.def)             Requested size: 112.418pt x 84.11275pt.

Overfull \hbox (9.21957pt too wide) in paragraph at lines 443--445
 [][] 
 []

<time1-5.jpg, id=61, 562.1pt x 420.57124pt>
File: time1-5.jpg Graphic file (type jpg)
 <use time1-5.jpg>
Package pdftex.def Info: time1-5.jpg used on input line 453.
(pdftex.def)             Requested size: 112.418pt x 84.11275pt.

Overfull \hbox (9.21957pt too wide) in paragraph at lines 453--455
 [][] 
 []

<time1-6.jpg, id=62, 562.1pt x 420.57124pt>
File: time1-6.jpg Graphic file (type jpg)
 <use time1-6.jpg>
Package pdftex.def Info: time1-6.jpg used on input line 458.
(pdftex.def)             Requested size: 112.418pt x 84.11275pt.

Overfull \hbox (9.21957pt too wide) in paragraph at lines 458--460
 [][] 
 []

<time1-7.jpg, id=63, 562.1pt x 420.57124pt>
File: time1-7.jpg Graphic file (type jpg)
 <use time1-7.jpg>
Package pdftex.def Info: time1-7.jpg used on input line 463.
(pdftex.def)             Requested size: 112.418pt x 84.11275pt.

Overfull \hbox (9.21957pt too wide) in paragraph at lines 463--465
 [][] 
 []

<time1-8.jpg, id=64, 563.10374pt x 420.57124pt>
File: time1-8.jpg Graphic file (type jpg)
 <use time1-8.jpg>
Package pdftex.def Info: time1-8.jpg used on input line 468.
(pdftex.def)             Requested size: 112.61874pt x 84.11275pt.

Overfull \hbox (9.42032pt too wide) in paragraph at lines 468--470
 [][] 
 []

<time2-1.jpg, id=65, 562.1pt x 420.57124pt>
File: time2-1.jpg Graphic file (type jpg)
 <use time2-1.jpg>
Package pdftex.def Info: time2-1.jpg used on input line 479.
(pdftex.def)             Requested size: 112.418pt x 84.11275pt.

Overfull \hbox (9.21957pt too wide) in paragraph at lines 479--481
 [][] 
 []

<time2-2.jpg, id=66, 562.1pt x 420.57124pt>
File: time2-2.jpg Graphic file (type jpg)
 <use time2-2.jpg>
Package pdftex.def Info: time2-2.jpg used on input line 484.
(pdftex.def)             Requested size: 112.418pt x 84.11275pt.

Overfull \hbox (9.21957pt too wide) in paragraph at lines 484--486
 [][] 
 []

<time2-3.jpg, id=67, 562.1pt x 420.57124pt>
File: time2-3.jpg Graphic file (type jpg)
 <use time2-3.jpg>
Package pdftex.def Info: time2-3.jpg used on input line 489.
(pdftex.def)             Requested size: 112.418pt x 84.11275pt.

Overfull \hbox (9.21957pt too wide) in paragraph at lines 489--491
 [][] 
 []

<time2-4.jpg, id=68, 562.1pt x 420.57124pt>
File: time2-4.jpg Graphic file (type jpg)
 <use time2-4.jpg>
Package pdftex.def Info: time2-4.jpg used on input line 494.
(pdftex.def)             Requested size: 112.418pt x 84.11275pt.

Overfull \hbox (9.21957pt too wide) in paragraph at lines 494--496
 [][] 
 []

<time2-5.jpg, id=69, 563.10374pt x 420.57124pt>
File: time2-5.jpg Graphic file (type jpg)
 <use time2-5.jpg>
Package pdftex.def Info: time2-5.jpg used on input line 504.
(pdftex.def)             Requested size: 112.61874pt x 84.11275pt.

Overfull \hbox (9.42032pt too wide) in paragraph at lines 504--506
 [][] 
 []

<time2-6.jpg, id=70, 562.1pt x 420.57124pt>
File: time2-6.jpg Graphic file (type jpg)
 <use time2-6.jpg>
Package pdftex.def Info: time2-6.jpg used on input line 509.
(pdftex.def)             Requested size: 112.418pt x 84.11275pt.

Overfull \hbox (9.21957pt too wide) in paragraph at lines 509--511
 [][] 
 []

<time2-7.jpg, id=71, 562.1pt x 420.57124pt>
File: time2-7.jpg Graphic file (type jpg)
 <use time2-7.jpg>
Package pdftex.def Info: time2-7.jpg used on input line 514.
(pdftex.def)             Requested size: 112.418pt x 84.11275pt.

Overfull \hbox (9.21957pt too wide) in paragraph at lines 514--516
 [][] 
 []

<time2-8.jpg, id=72, 563.10374pt x 420.57124pt>
File: time2-8.jpg Graphic file (type jpg)
 <use time2-8.jpg>
Package pdftex.def Info: time2-8.jpg used on input line 519.
(pdftex.def)             Requested size: 112.61874pt x 84.11275pt.

Overfull \hbox (9.42032pt too wide) in paragraph at lines 519--521
 [][] 
 []

<location0-1.jpg, id=73, 563.10374pt x 420.57124pt>
File: location0-1.jpg Graphic file (type jpg)
 <use location0-1.jpg>
Package pdftex.def Info: location0-1.jpg used on input line 534.
(pdftex.def)             Requested size: 112.61874pt x 84.11275pt.

Overfull \hbox (9.42032pt too wide) in paragraph at lines 534--536
 [][] 
 []

<location0-2.jpg, id=74, 562.1pt x 420.57124pt>
File: location0-2.jpg Graphic file (type jpg)
 <use location0-2.jpg>
Package pdftex.def Info: location0-2.jpg used on input line 539.
(pdftex.def)             Requested size: 112.418pt x 84.11275pt.

Overfull \hbox (9.21957pt too wide) in paragraph at lines 539--541
 [][] 
 []

<location0-3.jpg, id=75, 562.1pt x 420.57124pt>
File: location0-3.jpg Graphic file (type jpg)
 <use location0-3.jpg>
Package pdftex.def Info: location0-3.jpg used on input line 544.
(pdftex.def)             Requested size: 112.418pt x 84.11275pt.

Overfull \hbox (9.21957pt too wide) in paragraph at lines 544--546
 [][] 
 []

<location0-4.jpg, id=76, 562.1pt x 420.57124pt>
File: location0-4.jpg Graphic file (type jpg)
 <use location0-4.jpg>
Package pdftex.def Info: location0-4.jpg used on input line 549.
(pdftex.def)             Requested size: 112.418pt x 84.11275pt.

Overfull \hbox (9.21957pt too wide) in paragraph at lines 549--551
 [][] 
 []

<device0-1.jpg, id=77, 562.1pt x 420.57124pt>
File: device0-1.jpg Graphic file (type jpg)
 <use device0-1.jpg>
Package pdftex.def Info: device0-1.jpg used on input line 567.
(pdftex.def)             Requested size: 112.418pt x 84.11275pt.

Overfull \hbox (9.21957pt too wide) in paragraph at lines 567--569
 [][] 
 []

<device0-2.jpg, id=78, 562.1pt x 420.57124pt>
File: device0-2.jpg Graphic file (type jpg)
 <use device0-2.jpg>
Package pdftex.def Info: device0-2.jpg used on input line 572.
(pdftex.def)             Requested size: 112.418pt x 84.11275pt.

Overfull \hbox (9.21957pt too wide) in paragraph at lines 572--574
 [][] 
 []

<device0-3.jpg, id=79, 562.1pt x 420.57124pt>
File: device0-3.jpg Graphic file (type jpg)
 <use device0-3.jpg>
Package pdftex.def Info: device0-3.jpg used on input line 577.
(pdftex.def)             Requested size: 112.418pt x 84.11275pt.

Overfull \hbox (9.21957pt too wide) in paragraph at lines 577--579
 [][] 
 []

<device1-1.jpg, id=80, 562.1pt x 420.57124pt>
File: device1-1.jpg Graphic file (type jpg)
 <use device1-1.jpg>
Package pdftex.def Info: device1-1.jpg used on input line 593.
(pdftex.def)             Requested size: 281.04932pt x 210.28511pt.

Overfull \hbox (23.04932pt too wide) in paragraph at lines 593--595
 [][] 
 []

<device1-2.jpg, id=81, 562.1pt x 420.57124pt>
File: device1-2.jpg Graphic file (type jpg)
 <use device1-2.jpg>
Package pdftex.def Info: device1-2.jpg used on input line 598.
(pdftex.def)             Requested size: 281.04932pt x 210.28511pt.

Overfull \hbox (23.04932pt too wide) in paragraph at lines 598--600
 [][] 
 []


Overfull \hbox (2.29996pt too wide) in paragraph at lines 591--601
[][] [] 
 []


Underfull \hbox (badness 10000) in paragraph at lines 608--609

 []


Overfull \hbox (4.67188pt too wide) in paragraph at lines 612--627
 [][] 
 []


Underfull \hbox (badness 3260) in paragraph at lines 636--637
[]\OT1/ptm/m/n/10 Same as inter-Raspberry Pi model, we col-lect data
 []


Underfull \hbox (badness 10000) in paragraph at lines 636--637

 []

[6 <./wallbreakpoint0-1.jpg> <./wallbreakpoint0-2.jpg> <./wallbreakpoint0-3.jpg
> <./wallbreakpoint0-4.jpg>] [7 <./time0-1.jpg> <./time0-2.jpg> <./time0-3.jpg>
 <./time0-4.jpg> <./time1-1.jpg> <./time1-2.jpg> <./time1-3.jpg> <./time1-4.jpg
> <./time1-5.jpg> <./time1-6.jpg> <./time1-7.jpg> <./time1-8.jpg> <./time2-1.jp
g> <./time2-2.jpg> <./time2-3.jpg> <./time2-4.jpg> <./time2-5.jpg> <./time2-6.j
pg> <./time2-7.jpg> <./time2-8.jpg> <./location0-1.jpg> <./location0-2.jpg> <./
location0-3.jpg> <./location0-4.jpg>]

** Conference Paper **
Before submitting the final camera ready copy, remember to:

 1. Manually equalize the lengths of two columns on the last page
 of your paper;

 2. Ensure that any PostScript and/or PDF output post-processing
 uses only Type 1 fonts and that every step in the generation
 process uses the appropriate paper size.

[8

 <./device0-1.jpg> <./device0-2.jpg> <./device0-3.jpg> <./device1-1.jpg> <./dev
ice1-2.jpg>] (./Verify.aux)

LaTeX Font Warning: Size substitutions with differences
(Font)              up to 4.5pt have occurred.

 ) 
Here is how much of TeX's memory you used:
 3999 strings out of 493315
 58339 string characters out of 6137904
 135027 words of memory out of 5000000
 7325 multiletter control sequences out of 15000+600000
 44656 words of font info for 100 fonts, out of 8000000 for 9000
 957 hyphenation exceptions out of 8191
 42i,21n,26p,2472b,292s stack positions out of 5000i,500n,10000p,200000b,80000s
{/usr/local/texlive/2013/texmf-dist/fonts/enc/dvips/base/8r.enc}</usr/local/t
exlive/2013/texmf-dist/fonts/type1/public/amsfonts/cm/cmbx10.pfb></usr/local/te
xlive/2013/texmf-dist/fonts/type1/public/amsfonts/cm/cmbx7.pfb></usr/local/texl
ive/2013/texmf-dist/fonts/type1/public/amsfonts/cm/cmex10.pfb></usr/local/texli
ve/2013/texmf-dist/fonts/type1/public/amsfonts/cmextra/cmex8.pfb></usr/local/te
xlive/2013/texmf-dist/fonts/type1/public/amsfonts/cm/cmmi10.pfb></usr/local/tex
live/2013/texmf-dist/fonts/type1/public/amsfonts/cm/cmmi6.pfb></usr/local/texli
ve/2013/texmf-dist/fonts/type1/public/amsfonts/cm/cmmi7.pfb></usr/local/texlive
/2013/texmf-dist/fonts/type1/public/amsfonts/cm/cmmi8.pfb></usr/local/texlive/2
013/texmf-dist/fonts/type1/public/amsfonts/cm/cmr10.pfb></usr/local/texlive/201
3/texmf-dist/fonts/type1/public/amsfonts/cm/cmr6.pfb></usr/local/texlive/2013/t
exmf-dist/fonts/type1/public/amsfonts/cm/cmr7.pfb></usr/local/texlive/2013/texm
f-dist/fonts/type1/public/amsfonts/cm/cmr8.pfb></usr/local/texlive/2013/texmf-d
ist/fonts/type1/public/amsfonts/cm/cmsy10.pfb></usr/local/texlive/2013/texmf-di
st/fonts/type1/public/amsfonts/cm/cmsy7.pfb></usr/local/texlive/2013/texmf-dist
/fonts/type1/urw/times/utmb8a.pfb></usr/local/texlive/2013/texmf-dist/fonts/typ
e1/urw/times/utmbi8a.pfb></usr/local/texlive/2013/texmf-dist/fonts/type1/urw/ti
mes/utmr8a.pfb></usr/local/texlive/2013/texmf-dist/fonts/type1/urw/times/utmri8
a.pfb>
Output written on Verify.pdf (8 pages, 3103007 bytes).
PDF statistics:
 150 PDF objects out of 1000 (max. 8388607)
 76 compressed objects within 1 object stream
 0 named destinations out of 1000 (max. 500000)
 211 words of extra memory for PDF output out of 10000 (max. 10000000)

